<?xml version="1.0" encoding="UTF-8"?>
<testsuite xmlns:xsi="http://www.w3.org/2001/XMLSchema-instance" xsi:noNamespaceSchemaLocation="https://maven.apache.org/surefire/maven-surefire-plugin/xsd/surefire-test-report-3.0.xsd" version="3.0" name="com.studentmanagement.database.DatabaseConfigTest" time="0.065" tests="1" errors="0" skipped="0" failures="0">
  <properties>
[...]
</properties>
  <testcase name="testLoadDatabaseProperties" classname="com.studentmanagement.database.DatabaseConfigTest" time="0.037">
    <system-out><![CDATA[URL: jdbc:postgresql://localhost:5432/student_management
Username: postgres
]]></system-out>
  </testcase>
</testsuite>